0 info it worked if it ends with ok
1 verbose cli [ '/usr/local/bin/node',
1 verbose cli   '/usr/local/bin/npm',
1 verbose cli   'install',
1 verbose cli   'webpack',
1 verbose cli   '-g' ]
2 info using npm@2.14.12
3 info using node@v4.2.4
4 verbose install initial load of /usr/local/lib/package.json
5 verbose readDependencies loading dependencies from /usr/local/lib/package.json
6 silly cache add args [ 'webpack', null ]
7 verbose cache add spec webpack
8 silly cache add parsed spec Result {
8 silly cache add   raw: 'webpack',
8 silly cache add   scope: null,
8 silly cache add   name: 'webpack',
8 silly cache add   rawSpec: '',
8 silly cache add   spec: 'latest',
8 silly cache add   type: 'tag' }
9 silly addNamed webpack@latest
10 verbose addNamed "latest" is being treated as a dist-tag for webpack
11 info addNameTag [ 'webpack', 'latest' ]
12 silly mapToRegistry name webpack
13 silly mapToRegistry using default registry
14 silly mapToRegistry registry https://registry.npmjs.org/
15 silly mapToRegistry uri https://registry.npmjs.org/webpack
16 verbose addNameTag registry:https://registry.npmjs.org/webpack not in flight; fetching
17 verbose request uri https://registry.npmjs.org/webpack
18 verbose request no auth needed
19 info attempt registry request try #1 at 8:10:08 PM
20 verbose request id 40e44b8ba537521c
21 verbose etag "PD0VTL61FWRFNDR6Z8UY8KAL"
22 http request GET https://registry.npmjs.org/webpack
23 http 304 https://registry.npmjs.org/webpack
24 verbose headers { date: 'Wed, 27 Jan 2016 04:10:08 GMT',
24 verbose headers   via: '1.1 varnish',
24 verbose headers   'cache-control': 'max-age=300',
24 verbose headers   etag: '"PD0VTL61FWRFNDR6Z8UY8KAL"',
24 verbose headers   age: '114',
24 verbose headers   connection: 'keep-alive',
24 verbose headers   'x-served-by': 'cache-lax1424-LAX',
24 verbose headers   'x-cache': 'HIT',
24 verbose headers   'x-cache-hits': '2',
24 verbose headers   'x-timer': 'S1453867808.123117,VS0,VE0',
24 verbose headers   vary: 'Accept' }
25 silly get cb [ 304,
25 silly get   { date: 'Wed, 27 Jan 2016 04:10:08 GMT',
25 silly get     via: '1.1 varnish',
25 silly get     'cache-control': 'max-age=300',
25 silly get     etag: '"PD0VTL61FWRFNDR6Z8UY8KAL"',
25 silly get     age: '114',
25 silly get     connection: 'keep-alive',
25 silly get     'x-served-by': 'cache-lax1424-LAX',
25 silly get     'x-cache': 'HIT',
25 silly get     'x-cache-hits': '2',
25 silly get     'x-timer': 'S1453867808.123117,VS0,VE0',
25 silly get     vary: 'Accept' } ]
26 verbose etag https://registry.npmjs.org/webpack from cache
27 verbose get saving webpack to /Users/ninomichaels/.npm/registry.npmjs.org/webpack/.cache.json
28 silly addNameTag next cb for webpack with tag latest
29 silly addNamed webpack@2.0.5-beta
30 verbose addNamed "2.0.5-beta" is a plain semver version for webpack
31 silly cache afterAdd webpack@2.0.5-beta
32 verbose afterAdd /Users/ninomichaels/.npm/webpack/2.0.5-beta/package/package.json not in flight; writing
33 verbose afterAdd /Users/ninomichaels/.npm/webpack/2.0.5-beta/package/package.json written
34 silly install resolved [ { name: 'webpack',
34 silly install resolved     version: '2.0.5-beta',
34 silly install resolved     author: { name: 'Tobias Koppers @sokra' },
34 silly install resolved     description: 'Packs CommonJs/AMD modules for the browser. Allows to split your codebase into multiple bundles, which can be loaded on demand. Support loaders to preprocess files, i.e. json, jsx, es7, css, less, ... and your custom stuff.',
34 silly install resolved     dependencies:
34 silly install resolved      { acorn: '^2.4.0',
34 silly install resolved        async: '^1.3.0',
34 silly install resolved        clone: '^1.0.2',
34 silly install resolved        'enhanced-resolve': '^2.2.0',
34 silly install resolved        interpret: '^1.0.0',
34 silly install resolved        'loader-runner': '^2.1.0',
34 silly install resolved        'loader-utils': '^0.2.11',
34 silly install resolved        'memory-fs': '~0.3.0',
34 silly install resolved        mkdirp: '~0.5.0',
34 silly install resolved        'node-libs-browser': '^1.0.0',
34 silly install resolved        'object-assign': '^4.0.1',
34 silly install resolved        'source-map': '^0.5.3',
34 silly install resolved        'supports-color': '^3.1.0',
34 silly install resolved        tapable: '~0.2.3',
34 silly install resolved        'uglify-js': '~2.6.0',
34 silly install resolved        watchpack: '^0.2.1',
34 silly install resolved        'webpack-sources': '^0.1.0',
34 silly install resolved        yargs: '^3.31.0' },
34 silly install resolved     license: 'MIT',
34 silly install resolved     devDependencies:
34 silly install resolved      { 'beautify-lint': '^1.0.3',
34 silly install resolved        benchmark: '^1.0.0',
34 silly install resolved        'bundle-loader': '~0.5.0',
34 silly install resolved        'codecov.io': '^0.1.2',
34 silly install resolved        'coffee-loader': '~0.7.1',
34 silly install resolved        'coffee-script': '^1.10.0',
34 silly install resolved        coveralls: '^2.11.2',
34 silly install resolved        'css-loader': '~0.23.1',
34 silly install resolved        diff: '^2.0.2',
34 silly install resolved        'es6-promise-polyfill': '^1.1.1',
34 silly install resolved        eslint: '^1.1.0',
34 silly install resolved        'eslint-plugin-nodeca': '^1.0.3',
34 silly install resolved        express: '~4.13.1',
34 silly install resolved        'extract-text-webpack-plugin': '^1.0.0',
34 silly install resolved        'file-loader': '~0.8.0',
34 silly install resolved        'i18n-webpack-plugin': '~0.2.0',
34 silly install resolved        istanbul: '^0.4.1',
34 silly install resolved        jade: '^1.11.0',
34 silly install resolved        'jade-loader': '~0.8.0',
34 silly install resolved        'js-beautify': '^1.5.10',
34 silly install resolved        'json-loader': '~0.5.1',
34 silly install resolved        less: '^2.5.1',
34 silly install resolved        'less-loader': '^2.0.0',
34 silly install resolved        mocha: '^2.3.4',
34 silly install resolved        'mocha-lcov-reporter': '^1.0.0',
34 silly install resolved        'raw-loader': '~0.5.0',
34 silly install resolved        'script-loader': '~0.6.0',
34 silly install resolved        should: '^8.0.2',
34 silly install resolved        'style-loader': '~0.13.0',
34 silly install resolved        'url-loader': '~0.5.0',
34 silly install resolved        'val-loader': '~0.5.0',
34 silly install resolved        'vm-browserify': '~0.0.0',
34 silly install resolved        'webpack-dev-middleware': '^1.0.0',
34 silly install resolved        'worker-loader': '~0.7.0' },
34 silly install resolved     engines: { node: '>=0.6' },
34 silly install resolved     repository:
34 silly install resolved      { type: 'git',
34 silly install resolved        url: 'git+https://github.com/webpack/webpack.git' },
34 silly install resolved     homepage: 'https://github.com/webpack/webpack',
34 silly install resolved     main: 'lib/webpack.js',
34 silly install resolved     web: 'lib/webpack.web.js',
34 silly install resolved     bin: { webpack: './bin/webpack.js' },
34 silly install resolved     files: [ 'lib/', 'bin/', 'buildin/', 'hot/', 'web_modules/' ],
34 silly install resolved     scripts:
34 silly install resolved      { pretest: 'npm run lint && npm run beautify-lint',
34 silly install resolved        test: 'mocha --harmony --full-trace --check-leaks',
34 silly install resolved        travis: 'npm run cover -- --report lcovonly',
34 silly install resolved        lint: 'eslint lib bin hot',
34 silly install resolved        'beautify-lint': 'beautify-lint lib/**.js hot/**.js bin/**.js benchmark/*.js test/*.js',
34 silly install resolved        beautify: 'beautify-rewrite lib/**.js hot/**.js bin/**.js benchmark/*.js test/*.js',
34 silly install resolved        postcover: 'npm run lint && npm run beautify-lint',
34 silly install resolved        cover: 'istanbul cover -x *.runtime.js node_modules/mocha/bin/_mocha',
34 silly install resolved        'publish-patch': 'npm run lint && npm run beautify-lint && mocha && npm version patch && git push && git push --tags && npm publish' },
34 silly install resolved     gitHead: 'ac45c3c1a4c9b51eceecba79c6ae1a60887368de',
34 silly install resolved     bugs: { url: 'https://github.com/webpack/webpack/issues' },
34 silly install resolved     _id: 'webpack@2.0.5-beta',
34 silly install resolved     _shasum: 'd3aa8fe778565de4bece61f7378833b64e7e4136',
34 silly install resolved     _from: 'webpack@latest',
34 silly install resolved     _npmVersion: '3.3.3',
34 silly install resolved     _nodeVersion: '5.4.1',
34 silly install resolved     _npmUser: { name: 'sokra', email: 'tobias.koppers@googlemail.com' },
34 silly install resolved     dist:
34 silly install resolved      { shasum: 'd3aa8fe778565de4bece61f7378833b64e7e4136',
34 silly install resolved        tarball: 'http://registry.npmjs.org/webpack/-/webpack-2.0.5-beta.tgz' },
34 silly install resolved     maintainers: [ [Object] ],
34 silly install resolved     directories: {},
34 silly install resolved     _resolved: 'https://registry.npmjs.org/webpack/-/webpack-2.0.5-beta.tgz',
34 silly install resolved     readme: 'ERROR: No README data found!' } ]
35 info install webpack@2.0.5-beta into /usr/local/lib
36 info installOne webpack@2.0.5-beta
37 verbose installOne of webpack to /usr/local/lib not in flight; installing
38 verbose lock using /Users/ninomichaels/.npm/_locks/webpack-865c90cad072eb35.lock for /usr/local/lib/node_modules/webpack
39 silly install write writing webpack 2.0.5-beta to /usr/local/lib/node_modules/webpack
40 verbose unbuild lib/node_modules/webpack
41 info preuninstall webpack@1.12.11
42 info uninstall webpack@1.12.11
43 verbose unbuild rmStuff webpack@1.12.11 from /usr/local/lib/node_modules
44 silly gentlyRm /usr/local/bin/webpack is being gently removed
45 silly gentlyRm verifying /usr/local is an npm working directory
46 silly gentlyRm containing path /usr/local is under npm's control, in /usr/local
47 silly gentlyRm deletion target /usr/local/bin/webpack is under /usr/local
48 verbose gentlyRm vacuuming from /usr/local/bin/webpack up to /usr/local
49 silly vacuum-fs removing /usr/local/bin/webpack
50 verbose unlock done using /Users/ninomichaels/.npm/_locks/webpack-865c90cad072eb35.lock for /usr/local/lib/node_modules/webpack
51 verbose stack Error: EACCES: permission denied, unlink '/usr/local/bin/webpack'
51 verbose stack     at Error (native)
52 verbose cwd /Users/ninomichaels/source/react-redux-practice/build
53 error Darwin 15.2.0
54 error argv "/usr/local/bin/node" "/usr/local/bin/npm" "install" "webpack" "-g"
55 error node v4.2.4
56 error npm  v2.14.12
57 error path /usr/local/bin/webpack
58 error code EACCES
59 error errno -13
60 error syscall unlink
61 error Error: EACCES: permission denied, unlink '/usr/local/bin/webpack'
61 error     at Error (native)
61 error  { [Error: EACCES: permission denied, unlink '/usr/local/bin/webpack']
61 error   errno: -13,
61 error   code: 'EACCES',
61 error   syscall: 'unlink',
61 error   path: '/usr/local/bin/webpack' }
62 error Please try running this command again as root/Administrator.
63 verbose exit [ -13, true ]
64 verbose unbuild lib/node_modules/webpack
65 info preuninstall webpack@1.12.11
66 info uninstall webpack@1.12.11
67 verbose unbuild rmStuff webpack@1.12.11 from /usr/local/lib/node_modules
68 silly gentlyRm /usr/local/bin/webpack is being gently removed
69 silly gentlyRm verifying /usr/local is an npm working directory
70 silly gentlyRm containing path /usr/local is under npm's control, in /usr/local
71 silly gentlyRm deletion target /usr/local/bin/webpack is under /usr/local
72 verbose gentlyRm vacuuming from /usr/local/bin/webpack up to /usr/local
73 silly vacuum-fs removing /usr/local/bin/webpack
74 error error rolling back Error: EACCES: permission denied, unlink '/usr/local/bin/webpack'
74 error error rolling back     at Error (native)
74 error error rolling back  { [Error: EACCES: permission denied, unlink '/usr/local/bin/webpack']
74 error error rolling back   errno: -13,
74 error error rolling back   code: 'EACCES',
74 error error rolling back   syscall: 'unlink',
74 error error rolling back   path: '/usr/local/bin/webpack' }
